d:\baidunetdiskdownload\mfc_serialassistant_\mfc_serialassistant\x64\debug\mfc_serialassistant.pch
d:\baidunetdiskdownload\mfc_serialassistant_\mfc_serialassistant\x64\debug\vc142.pdb
d:\baidunetdiskdownload\mfc_serialassistant_\mfc_serialassistant\x64\debug\vc142.idb
d:\baidunetdiskdownload\mfc_serialassistant_\mfc_serialassistant\x64\debug\pch.obj
d:\baidunetdiskdownload\mfc_serialassistant_\mfc_serialassistant\x64\debug\chartstandardaxis.obj
d:\baidunetdiskdownload\mfc_serialassistant_\mfc_serialassistant\x64\debug\chartserie.obj
d:\baidunetdiskdownload\mfc_serialassistant_\mfc_serialassistant\x64\debug\chartscrollbar.obj
d:\baidunetdiskdownload\mfc_serialassistant_\mfc_serialassistant\x64\debug\chartpointsserie.obj
d:\baidunetdiskdownload\mfc_serialassistant_\mfc_serialassistant\x64\debug\chartlogarithmicaxis.obj
d:\baidunetdiskdownload\mfc_serialassistant_\mfc_serialassistant\x64\debug\chartlineserie.obj
d:\baidunetdiskdownload\mfc_serialassistant_\mfc_serialassistant\x64\debug\chartlegend.obj
d:\baidunetdiskdownload\mfc_serialassistant_\mfc_serialassistant\x64\debug\chartgrid.obj
d:\baidunetdiskdownload\mfc_serialassistant_\mfc_serialassistant\x64\debug\chartgradient.obj
d:\baidunetdiskdownload\mfc_serialassistant_\mfc_serialassistant\x64\debug\chartganttserie.obj
d:\baidunetdiskdownload\mfc_serialassistant_\mfc_serialassistant\x64\debug\chartfont.obj
d:\baidunetdiskdownload\mfc_serialassistant_\mfc_serialassistant\x64\debug\chartdraglinecursor.obj
d:\baidunetdiskdownload\mfc_serialassistant_\mfc_serialassistant\x64\debug\chartdatetimeaxis.obj
d:\baidunetdiskdownload\mfc_serialassistant_\mfc_serialassistant\x64\debug\chartcursor.obj
d:\baidunetdiskdownload\mfc_serialassistant_\mfc_serialassistant\x64\debug\chartctrl.obj
d:\baidunetdiskdownload\mfc_serialassistant_\mfc_serialassistant\x64\debug\chartcrosshaircursor.obj
d:\baidunetdiskdownload\mfc_serialassistant_\mfc_serialassistant\x64\debug\chartcandlestickserie.obj
d:\baidunetdiskdownload\mfc_serialassistant_\mfc_serialassistant\x64\debug\chartbarserie.obj
d:\baidunetdiskdownload\mfc_serialassistant_\mfc_serialassistant\x64\debug\chartaxislabel.obj
d:\baidunetdiskdownload\mfc_serialassistant_\mfc_serialassistant\x64\debug\chartaxis.obj
d:\baidunetdiskdownload\mfc_serialassistant_\mfc_serialassistant\x64\debug\threadcomm.obj
d:\baidunetdiskdownload\mfc_serialassistant_\mfc_serialassistant\x64\debug\thread.obj
d:\baidunetdiskdownload\mfc_serialassistant_\mfc_serialassistant\x64\debug\serialport.obj
d:\baidunetdiskdownload\mfc_serialassistant_\mfc_serialassistant\x64\debug\mfc_serialassistantdlg.obj
d:\baidunetdiskdownload\mfc_serialassistant_\mfc_serialassistant\x64\debug\mfc_serialassistant.obj
d:\baidunetdiskdownload\mfc_serialassistant_\mfc_serialassistant\x64\debug\chartxyserie.obj
d:\baidunetdiskdownload\mfc_serialassistant_\mfc_serialassistant\x64\debug\charttitle.obj
d:\baidunetdiskdownload\mfc_serialassistant_\mfc_serialassistant\x64\debug\chartsurfaceserie.obj
d:\baidunetdiskdownload\mfc_serialassistant_\x64\debug\mfc_serialassistant.exe
d:\baidunetdiskdownload\mfc_serialassistant_\mfc_serialassistant\x64\debug\mfc_serialassistant.ilk
d:\baidunetdiskdownload\mfc_serialassistant_\x64\debug\mfc_serialassistant.pdb
d:\baidunetdiskdownload\mfc_serialassistant_\mfc_serialassistant\x64\debug\mfcserialassistant.res
d:\mytutuhead\mfc\mfc_pidautocontrols\mfc_serialassistant\x64\debug\chartaxis.obj
d:\mytutuhead\mfc\mfc_pidautocontrols\mfc_serialassistant\x64\debug\chartaxislabel.obj
d:\mytutuhead\mfc\mfc_pidautocontrols\mfc_serialassistant\x64\debug\chartbarserie.obj
d:\mytutuhead\mfc\mfc_pidautocontrols\mfc_serialassistant\x64\debug\chartcandlestickserie.obj
d:\mytutuhead\mfc\mfc_pidautocontrols\mfc_serialassistant\x64\debug\chartcrosshaircursor.obj
d:\mytutuhead\mfc\mfc_pidautocontrols\mfc_serialassistant\x64\debug\chartctrl.obj
d:\mytutuhead\mfc\mfc_pidautocontrols\mfc_serialassistant\x64\debug\chartcursor.obj
d:\mytutuhead\mfc\mfc_pidautocontrols\mfc_serialassistant\x64\debug\chartdatetimeaxis.obj
d:\mytutuhead\mfc\mfc_pidautocontrols\mfc_serialassistant\x64\debug\chartdraglinecursor.obj
d:\mytutuhead\mfc\mfc_pidautocontrols\mfc_serialassistant\x64\debug\chartfont.obj
d:\mytutuhead\mfc\mfc_pidautocontrols\mfc_serialassistant\x64\debug\chartganttserie.obj
d:\mytutuhead\mfc\mfc_pidautocontrols\mfc_serialassistant\x64\debug\chartgradient.obj
d:\mytutuhead\mfc\mfc_pidautocontrols\mfc_serialassistant\x64\debug\chartgrid.obj
d:\mytutuhead\mfc\mfc_pidautocontrols\mfc_serialassistant\x64\debug\chartlegend.obj
d:\mytutuhead\mfc\mfc_pidautocontrols\mfc_serialassistant\x64\debug\chartlineserie.obj
d:\mytutuhead\mfc\mfc_pidautocontrols\mfc_serialassistant\x64\debug\chartlogarithmicaxis.obj
d:\mytutuhead\mfc\mfc_pidautocontrols\mfc_serialassistant\x64\debug\chartpointsserie.obj
d:\mytutuhead\mfc\mfc_pidautocontrols\mfc_serialassistant\x64\debug\chartscrollbar.obj
d:\mytutuhead\mfc\mfc_pidautocontrols\mfc_serialassistant\x64\debug\chartserie.obj
d:\mytutuhead\mfc\mfc_pidautocontrols\mfc_serialassistant\x64\debug\chartstandardaxis.obj
d:\mytutuhead\mfc\mfc_pidautocontrols\mfc_serialassistant\x64\debug\chartsurfaceserie.obj
d:\mytutuhead\mfc\mfc_pidautocontrols\mfc_serialassistant\x64\debug\charttitle.obj
d:\mytutuhead\mfc\mfc_pidautocontrols\mfc_serialassistant\x64\debug\chartxyserie.obj
d:\mytutuhead\mfc\mfc_pidautocontrols\mfc_serialassistant\x64\debug\mfc_serialassistant.obj
d:\mytutuhead\mfc\mfc_pidautocontrols\mfc_serialassistant\x64\debug\mfc_serialassistantdlg.obj
d:\mytutuhead\mfc\mfc_pidautocontrols\mfc_serialassistant\x64\debug\pch.obj
d:\mytutuhead\mfc\mfc_pidautocontrols\mfc_serialassistant\x64\debug\serialport.obj
d:\mytutuhead\mfc\mfc_pidautocontrols\mfc_serialassistant\x64\debug\thread.obj
d:\mytutuhead\mfc\mfc_pidautocontrols\mfc_serialassistant\x64\debug\threadcomm.obj
d:\mytutuhead\mfc\mfc_pidautocontrols\mfc_serialassistant\x64\debug\mfc_serialassistantdlg.obj.enc
d:\mytutuhead\mfc\mfc_pidautocontrols\mfc_serialassistant\x64\debug\mfc_serialassistant.ilk
d:\mytutuhead\mfc\mfc_pidautocontrols\mfc_serialassistant\x64\debug\mfcserialassistant.res
d:\mytutuhead\mfc\mfc_pidautocontrols\mfc_serialassistant\x64\debug\mfc_serialassistant.pch
d:\mytutuhead\mfc\mfc_pidautocontrols\mfc_serialassistant\x64\debug\vc142.idb
d:\mytutuhead\mfc\mfc_pidautocontrols\mfc_serialassistant\x64\debug\vc142.pdb
d:\mytutuhead\mfc\mfc_pidautocontrols\x64\debug\mfc_serialassistant.pdb
d:\mytutuhead\mfc\mfc_pidautocontrols\x64\debug\mfc_serialassistant.exe
d:\mytutuhead\mfc\mfc_pidautocontrols\mfc_serialassistant\x64\debug\mfc_seri.8dd17318.tlog\cl.command.1.tlog
d:\mytutuhead\mfc\mfc_pidautocontrols\mfc_serialassistant\x64\debug\mfc_seri.8dd17318.tlog\cl.read.1.tlog
d:\mytutuhead\mfc\mfc_pidautocontrols\mfc_serialassistant\x64\debug\mfc_seri.8dd17318.tlog\cl.write.1.tlog
d:\mytutuhead\mfc\mfc_pidautocontrols\mfc_serialassistant\x64\debug\mfc_seri.8dd17318.tlog\link.command.1.tlog
d:\mytutuhead\mfc\mfc_pidautocontrols\mfc_serialassistant\x64\debug\mfc_seri.8dd17318.tlog\link.read.1.tlog
d:\mytutuhead\mfc\mfc_pidautocontrols\mfc_serialassistant\x64\debug\mfc_seri.8dd17318.tlog\link.write.1.tlog
d:\mytutuhead\mfc\mfc_pidautocontrols\mfc_serialassistant\x64\debug\mfc_seri.8dd17318.tlog\rc.command.1.tlog
d:\mytutuhead\mfc\mfc_pidautocontrols\mfc_serialassistant\x64\debug\mfc_seri.8dd17318.tlog\rc.read.1.tlog
d:\mytutuhead\mfc\mfc_pidautocontrols\mfc_serialassistant\x64\debug\mfc_seri.8dd17318.tlog\rc.write.1.tlog
